<?xml version="1.0" encoding="UTF-8"?>
<testng-results ignored="0" total="5" passed="5" failed="0" skipped="0">
  <reporter-output>
  </reporter-output>
  <suite started-at="2022-10-22T08:21:08 IST" name="Suite" finished-at="2022-10-22T08:21:40 IST" duration-ms="31519">
    <groups>
    </groups>
    <test started-at="2022-10-22T08:21:08 IST" name="book-flight-2" finished-at="2022-10-22T08:21:40 IST" duration-ms="31519">
      <class name="com.newtours.tests.BookFlightTest">
        <test-method is-config="true" signature="setupDriver(org.testng.ITestContext)[pri:0, instance:com.newtours.tests.BookFlightTest@49c386c8]" started-at="2022-10-22T08:21:08 IST" name="setupDriver" finished-at="2022-10-22T08:21:28 IST" duration-ms="19732" status="PASS">
          <params>
            <param index="0">
              <value>
                <![CDATA[org.testng.TestRunner@481a996b]]>
              </value>
            </param>
          </params>
          <reporter-output>
          </reporter-output>
        </test-method> <!-- setupDriver -->
        <test-method is-config="true" signature="setupParameters(java.lang.String, java.lang.String)[pri:0, instance:com.newtours.tests.BookFlightTest@49c386c8]" started-at="2022-10-22T08:21:28 IST" name="setupParameters" finished-at="2022-10-22T08:21:28 IST" depends-on-methods="com.tests.BaseTest.setupDriver" duration-ms="4" status="PASS">
          <params>
            <param index="0">
              <value>
                <![CDATA[2]]>
              </value>
            </param>
            <param index="1">
              <value>
                <![CDATA[$1169 USD]]>
              </value>
            </param>
          </params>
          <reporter-output>
          </reporter-output>
        </test-method> <!-- setupParameters -->
        <test-method signature="registrationPage()[pri:0, instance:com.newtours.tests.BookFlightTest@49c386c8]" started-at="2022-10-22T08:21:28 IST" name="registrationPage" finished-at="2022-10-22T08:21:36 IST" duration-ms="8261" status="PASS">
          <reporter-output>
          </reporter-output>
        </test-method> <!-- registrationPage -->
        <test-method signature="registrationConfirmationPage()[pri:0, instance:com.newtours.tests.BookFlightTest@49c386c8]" started-at="2022-10-22T08:21:36 IST" name="registrationConfirmationPage" finished-at="2022-10-22T08:21:37 IST" depends-on-methods="com.newtours.tests.BookFlightTest.registrationPage" duration-ms="274" status="PASS">
          <reporter-output>
          </reporter-output>
        </test-method> <!-- registrationConfirmationPage -->
        <test-method signature="flightDetailsPage()[pri:0, instance:com.newtours.tests.BookFlightTest@49c386c8]" started-at="2022-10-22T08:21:37 IST" name="flightDetailsPage" finished-at="2022-10-22T08:21:38 IST" depends-on-methods="com.newtours.tests.BookFlightTest.registrationConfirmationPage" duration-ms="1848" status="PASS">
          <reporter-output>
          </reporter-output>
        </test-method> <!-- flightDetailsPage -->
        <test-method signature="findFlightPage()[pri:0, instance:com.newtours.tests.BookFlightTest@49c386c8]" started-at="2022-10-22T08:21:38 IST" name="findFlightPage" finished-at="2022-10-22T08:21:39 IST" depends-on-methods="com.newtours.tests.BookFlightTest.flightDetailsPage" duration-ms="798" status="PASS">
          <reporter-output>
          </reporter-output>
        </test-method> <!-- findFlightPage -->
        <test-method signature="flightConfirmationPage()[pri:0, instance:com.newtours.tests.BookFlightTest@49c386c8]" started-at="2022-10-22T08:21:39 IST" name="flightConfirmationPage" finished-at="2022-10-22T08:21:40 IST" depends-on-methods="com.newtours.tests.BookFlightTest.findFlightPage" duration-ms="467" status="PASS">
          <reporter-output>
          </reporter-output>
        </test-method> <!-- flightConfirmationPage -->
        <test-method is-config="true" signature="quitDriver()[pri:0, instance:com.newtours.tests.BookFlightTest@49c386c8]" started-at="2022-10-22T08:21:40 IST" name="quitDriver" finished-at="2022-10-22T08:21:40 IST" duration-ms="73" status="PASS">
          <reporter-output>
          </reporter-output>
        </test-method> <!-- quitDriver -->
      </class> <!-- com.newtours.tests.BookFlightTest -->
    </test> <!-- book-flight-2 -->
  </suite> <!-- Suite -->
</testng-results>
